Start testing: Dec 13 21:54 Pacific Standard Time
----------------------------------------------------------
1/2 Testing: UnitTests
1/2 Test: UnitTests
Command: "C:/Users/bkars/git/steambandRedux/build/Debug/UnitTests.exe"
Directory: C:/Users/bkars/git/steambandRedux/build
"UnitTests" start time: Dec 13 21:54 Pacific Standard Time
Output:
----------------------------------------------------------
Running test_log_level_enum...
PASSED
Running test_log_level_filtering...
PASSED
Running test_message_formatting...
PASSED
Running test_printf_formatting...
PASSED
Running test_buffer_overflow_protection...
PASSED
Running test_convenience_macros...
PASSED
Running test_file_logging_creation...
PASSED
Running test_directory_creation...
PASSED
Running test_log_rotation...
PASSED
Running test_thread_safety_basic...
PASSED
Running test_logging_init...
PASSED

Tests run: 11
Tests passed: 11
Tests failed: 0
<end of output>
Test time =   0.36 sec
----------------------------------------------------------
Test Passed.
"UnitTests" end time: Dec 13 21:54 Pacific Standard Time
"UnitTests" time elapsed: 00:00:00
----------------------------------------------------------

2/2 Testing: UnityTestRunner
2/2 Test: UnityTestRunner
Command: "C:/Users/bkars/git/steambandRedux/build/Debug/UnityTestRunner.exe"
Directory: C:/Users/bkars/git/steambandRedux/build
"UnityTestRunner" start time: Dec 13 21:54 Pacific Standard Time
Output:
----------------------------------------------------------
C:\Users\bkars\git\steambandRedux\src\tests\unity_test_runner.c:60:test_unity_assertions:PASS
C:\Users\bkars\git\steambandRedux\src\tests\unity_test_runner.c:61:test_unity_runner:PASS
C:\Users\bkars\git\steambandRedux\src\tests\unity_test_runner.c:62:test_unity_suite_organization:PASS
C:\Users\bkars\git\steambandRedux\src\tests\unity_test_runner.c:63:test_test_helpers_temp_file:PASS
C:\Users\bkars\git\steambandRedux\src\tests\unity_test_runner.c:64:test_unity_fixtures_available:PASS
C:\Users\bkars\git\steambandRedux\src\tests\unity_test_runner.c:67:test_log_level_enum:PASS
C:\Users\bkars\git\steambandRedux\src\tests\unity_test_runner.c:68:test_log_level_filtering:PASS
C:\Users\bkars\git\steambandRedux\src\tests\unity_test_runner.c:69:test_message_formatting:PASS
C:\Users\bkars\git\steambandRedux\src\tests\unity_test_runner.c:70:test_printf_formatting:PASS
C:\Users\bkars\git\steambandRedux\src\tests\unity_test_runner.c:71:test_buffer_overflow_protection:PASS
C:\Users\bkars\git\steambandRedux\src\tests\unity_test_runner.c:72:test_convenience_macros:PASS
C:\Users\bkars\git\steambandRedux\src\tests\unity_test_runner.c:73:test_file_logging_creation:PASS
C:\Users\bkars\git\steambandRedux\src\tests\unity_test_runner.c:74:test_directory_creation:PASS
C:\Users\bkars\git\steambandRedux\src\tests\unity_test_runner.c:75:test_log_rotation:PASS
C:\Users\bkars\git\steambandRedux\src\tests\unity_test_runner.c:76:test_thread_safety_basic:PASS
C:\Users\bkars\git\steambandRedux\src\tests\unity_test_runner.c:77:test_logging_init:PASS
C:\Users\bkars\git\steambandRedux\src\tests\unity_test_runner.c:78:test_log_level_get_set:PASS
C:\Users\bkars\git\steambandRedux\src\tests\unity_test_runner.c:79:test_null_filename_handling:PASS
C:\Users\bkars\git\steambandRedux\src\tests\unity_test_runner.c:82:test_streq_basic:PASS
C:\Users\bkars\git\steambandRedux\src\tests\unity_test_runner.c:83:test_streq_null_handling:PASS
C:\Users\bkars\git\steambandRedux\src\tests\unity_test_runner.c:84:test_prefix_basic:PASS
C:\Users\bkars\git\steambandRedux\src\tests\unity_test_runner.c:85:test_prefix_edge_cases:PASS
C:\Users\bkars\git\steambandRedux\src\tests\unity_test_runner.c:86:test_suffix_basic:PASS
C:\Users\bkars\git\steambandRedux\src\tests\unity_test_runner.c:87:test_suffix_edge_cases:PASS
C:\Users\bkars\git\steambandRedux\src\tests\unity_test_runner.c:88:test_my_strcpy_basic:PASS
C:\Users\bkars\git\steambandRedux\src\tests\unity_test_runner.c:89:test_my_strcpy_buffer_overflow:PASS
C:\Users\bkars\git\steambandRedux\src\tests\unity_test_runner.c:90:test_my_strcpy_zero_buffer:PASS
C:\Users\bkars\git\steambandRedux\src\tests\unity_test_runner.c:91:test_my_strcpy_exact_buffer_size:PASS
C:\Users\bkars\git\steambandRedux\src\tests\unity_test_runner.c:94:test_controller_default_mappings_accessible:PASS
C:\Users\bkars\git\steambandRedux\src\tests\unity_test_runner.c:95:test_controller_button_display_names:PASS
C:\Users\bkars\git\steambandRedux\src\tests\unity_test_runner.c:96:test_controller_mapping_key_code_get_set:PASS
C:\Users\bkars\git\steambandRedux\src\tests\unity_test_runner.c:97:test_controller_config_trailing_whitespace:PASS
C:\Users\bkars\git\steambandRedux\src\tests\unity_test_runner.c:98:test_controller_menu_init:PASS
C:\Users\bkars\git\steambandRedux\src\tests\unity_test_runner.c:99:test_controller_menu_show_hide:PASS
C:\Users\bkars\git\steambandRedux\src\tests\unity_test_runner.c:100:test_controller_config_menu_show_hide:PASS
C:\Users\bkars\git\steambandRedux\src\tests\unity_test_runner.c:101:test_controller_menu_mutual_exclusivity:PASS
C:\Users\bkars\git\steambandRedux\src\tests\unity_test_runner.c:102:test_controller_mapping_count_consistency:PASS
C:\Users\bkars\git\steambandRedux\src\tests\unity_test_runner.c:103:test_controller_invalid_mapping_index:PASS

-----------------------
38 Tests 0 Failures 0 Ignored 
OK
<end of output>
Test time =   0.23 sec
----------------------------------------------------------
Test Passed.
"UnityTestRunner" end time: Dec 13 21:54 Pacific Standard Time
"UnityTestRunner" time elapsed: 00:00:00
----------------------------------------------------------

End testing: Dec 13 21:54 Pacific Standard Time
